  [1m[35m (112.4ms)[0m  [1m[35mCREATE DATABASE "flatiron_mod3_development" ENCODING = 'utf8'[0m
  ↳ /usr/share/rvm/gems/ruby-2.7.2/bin/rake:23
  [1m[35m (81.3ms)[0m  [1m[35mCREATE DATABASE "flatiron_mod3_test" ENCODING = 'utf8'[0m
  ↳ /usr/share/rvm/gems/ruby-2.7.2/bin/rake:23
  [1m[35m (25.2ms)[0m  [1m[35mCREATE TABLE "schema_migrations" ("version" character varying NOT NULL PRIMARY KEY)[0m
  ↳ /usr/share/rvm/gems/ruby-2.7.2/bin/rake:23
  [1m[35m (6.8ms)[0m  [1m[35mCREATE TABLE "ar_internal_metadata" ("key" character varying NOT NULL PRIMARY KEY, "value" character varying, "created_at" timestamp NOT NULL, "updated_at" timestamp NOT NULL)[0m
  ↳ /usr/share/rvm/gems/ruby-2.7.2/bin/rake:23
  [1m[35m (0.1ms)[0m  [1m[34mSELECT pg_try_advisory_lock(5904349680232060365)[0m
  ↳ /usr/share/rvm/gems/ruby-2.7.2/bin/rake:23
  [1m[35m (0.2ms)[0m  [1m[34mSELECT "schema_migrations"."version" FROM "schema_migrations" ORDER BY "schema_migrations"."version" ASC[0m
  ↳ /usr/share/rvm/gems/ruby-2.7.2/bin/rake:23
  [1m[36mActiveRecord::InternalMetadata Load (0.2ms)[0m  [1m[34mSELECT  "ar_internal_metadata".* FROM "ar_internal_metadata" WHERE "ar_internal_metadata"."key" = $1 LIMIT $2[0m  [["key", "environment"], ["LIMIT", 1]]
  ↳ /usr/share/rvm/gems/ruby-2.7.2/bin/rake:23
  [1m[35m (0.1ms)[0m  [1m[35mBEGIN[0m
  ↳ /usr/share/rvm/gems/ruby-2.7.2/bin/rake:23
  [1m[36mActiveRecord::InternalMetadata Create (0.2ms)[0m  [1m[32mINSERT INTO "ar_internal_metadata" ("key", "value", "created_at", "updated_at") VALUES ($1, $2, $3, $4) RETURNING "key"[0m  [["key", "environment"], ["value", "development"], ["created_at", "2022-07-22 12:30:12.580829"], ["updated_at", "2022-07-22 12:30:12.580829"]]
  ↳ /usr/share/rvm/gems/ruby-2.7.2/bin/rake:23
  [1m[35m (1.1ms)[0m  [1m[35mCOMMIT[0m
  ↳ /usr/share/rvm/gems/ruby-2.7.2/bin/rake:23
  [1m[35m (0.1ms)[0m  [1m[34mSELECT pg_advisory_unlock(5904349680232060365)[0m
  ↳ /usr/share/rvm/gems/ruby-2.7.2/bin/rake:23
  [1m[35m (0.1ms)[0m  [1m[34mSELECT "schema_migrations"."version" FROM "schema_migrations" ORDER BY "schema_migrations"."version" ASC[0m
  ↳ /usr/share/rvm/gems/ruby-2.7.2/bin/rake:23
